<?xml version="1.0" encoding="UTF-8"?>
<!-- Generated by org.testng.reporters.JUnitXMLReporter -->
<testsuite ignored="0" hostname="DESKTOP-8Q5BL0R" failures="1" tests="2" name="Test" time="17.579" errors="0" timestamp="2024-06-07T08:59:54 IST">
  <testcase classname="HomeModoule.FlipkartTest" name="Test1" time="5.516"/>
  <testcase classname="HomeModoule.FlipkartTest" name="Test1" time="5.532">
    <failure type="java.lang.NullPointerException" message="Cannot invoke &amp;quot;com.aventstack.extentreports.ExtentTest.log(com.aventstack.extentreports.Status, String)&amp;quot; because &amp;quot;this.test&amp;quot; is null">
      <![CDATA[java.lang.NullPointerException: Cannot invoke "com.aventstack.extentreports.ExtentTest.log(com.aventstack.extentreports.Status, String)" because "this.test" is null
at GenericUtility.ListenerImplementationclass.onTestSuccess(ListenerImplementationclass.java:27)
at java.base/java.util.ArrayList.forEach(ArrayList.java:1511)
... Removed 24 stack frames]]>
    </failure>
  </testcase> <!-- Test1 -->
</testsuite> <!-- Test -->
